0 info it worked if it ends with ok
1 verbose cli [ 'node', '/usr/local/bin/npm', 'run', 'protractor' ]
2 info using npm@2.1.11
3 info using node@v0.10.33
4 verbose node symlink /usr/local/bin/node
5 verbose run-script [ 'preprotractor', 'protractor', 'postprotractor' ]
6 info preprotractor Eagle_Readers_Angular@0.0.1
7 verbose unsafe-perm in lifecycle true
8 info protractor Eagle_Readers_Angular@0.0.1
9 verbose unsafe-perm in lifecycle true
10 info Eagle_Readers_Angular@0.0.1 Failed to exec protractor script
11 verbose stack Error: Eagle_Readers_Angular@0.0.1 protractor: `protractor test/protractor-conf.js`
11 verbose stack Exit status 1
11 verbose stack     at EventEmitter.<anonymous> (/usr/local/lib/node_modules/npm/lib/utils/lifecycle.js:212:16)
11 verbose stack     at EventEmitter.emit (events.js:98:17)
11 verbose stack     at ChildProcess.<anonymous> (/usr/local/lib/node_modules/npm/lib/utils/spawn.js:14:12)
11 verbose stack     at ChildProcess.emit (events.js:98:17)
11 verbose stack     at maybeClose (child_process.js:756:16)
11 verbose stack     at Process.ChildProcess._handle.onexit (child_process.js:823:5)
12 verbose pkgid Eagle_Readers_Angular@0.0.1
13 verbose cwd /Users/Allie/Ada/capstone/eagle-readers-angular
14 error Darwin 14.0.0
15 error argv "node" "/usr/local/bin/npm" "run" "protractor"
16 error node v0.10.33
17 error npm  v2.1.11
18 error code ELIFECYCLE
19 error Eagle_Readers_Angular@0.0.1 protractor: `protractor test/protractor-conf.js`
19 error Exit status 1
20 error Failed at the Eagle_Readers_Angular@0.0.1 protractor script 'protractor test/protractor-conf.js'.
20 error This is most likely a problem with the Eagle_Readers_Angular package,
20 error not with npm itself.
20 error Tell the author that this fails on your system:
20 error     protractor test/protractor-conf.js
20 error You can get their info via:
20 error     npm owner ls Eagle_Readers_Angular
20 error There is likely additional logging output above.
21 verbose exit [ 1, true ]
